<?xml version="1.0" encoding="UTF-8"?>
<testsuite name="com.mflyyou.cache.SpringCacheApplicationTests" tests="1" skipped="0" failures="0" errors="0" timestamp="2022-04-03T17:49:34" hostname="192.168.1.6" time="0.396">
  <properties/>
  <testcase name="contextLoads()" classname="com.mflyyou.cache.SpringCacheApplicationTests" time="0.396"/>
  <system-out><![CDATA[01:49:31.147 [Test worker] DEBUG org.springframework.test.context.BootstrapUtils - Instantiating CacheAwareContextLoaderDelegate from class [org.springframework.test.context.cache.DefaultCacheAwareContextLoaderDelegate]
01:49:31.165 [Test worker] DEBUG org.springframework.test.context.BootstrapUtils - Instantiating BootstrapContext using constructor [public org.springframework.test.context.support.DefaultBootstrapContext(java.lang.Class,org.springframework.test.context.CacheAwareContextLoaderDelegate)]
01:49:31.214 [Test worker] DEBUG org.springframework.test.context.BootstrapUtils - Instantiating TestContextBootstrapper for test class [com.mflyyou.cache.SpringCacheApplicationTests] from class [org.springframework.boot.test.context.SpringBootTestContextBootstrapper]
01:49:31.232 [Test worker] INFO org.springframework.boot.test.context.SpringBootTestContextBootstrapper - Neither @ContextConfiguration nor @ContextHierarchy found for test class [com.mflyyou.cache.SpringCacheApplicationTests], using SpringBootContextLoader
01:49:31.237 [Test worker] DEBUG org.springframework.test.context.support.AbstractContextLoader - Did not detect default resource location for test class [com.mflyyou.cache.SpringCacheApplicationTests]: class path resource [com/mflyyou/cache/SpringCacheApplicationTests-context.xml] does not exist
01:49:31.238 [Test worker] DEBUG org.springframework.test.context.support.AbstractContextLoader - Did not detect default resource location for test class [com.mflyyou.cache.SpringCacheApplicationTests]: class path resource [com/mflyyou/cache/SpringCacheApplicationTestsContext.groovy] does not exist
01:49:31.238 [Test worker] INFO org.springframework.test.context.support.AbstractContextLoader - Could not detect default resource locations for test class [com.mflyyou.cache.SpringCacheApplicationTests]: no resource found for suffixes {-context.xml, Context.groovy}.
01:49:31.239 [Test worker] INFO org.springframework.test.context.support.AnnotationConfigContextLoaderUtils - Could not detect default configuration classes for test class [com.mflyyou.cache.SpringCacheApplicationTests]: SpringCacheApplicationTests does not declare any static, non-private, non-final, nested classes annotated with @Configuration.
01:49:31.294 [Test worker] DEBUG org.springframework.test.context.support.ActiveProfilesUtils - Could not find an 'annotation declaring class' for annotation type [org.springframework.test.context.ActiveProfiles] and class [com.mflyyou.cache.SpringCacheApplicationTests]
01:49:31.380 [Test worker] DEBUG org.springframework.context.annotation.ClassPathScanningCandidateComponentProvider - Identified candidate component class: file [/Users/panqinzhang/github/fly-java-cache/spring-cache/build/classes/java/main/com/mflyyou/cache/SpringCacheApplication.class]
01:49:31.381 [Test worker] INFO org.springframework.boot.test.context.SpringBootTestContextBootstrapper - Found @SpringBootConfiguration com.mflyyou.cache.SpringCacheApplication for test class com.mflyyou.cache.SpringCacheApplicationTests
01:49:31.480 [Test worker] DEBUG org.springframework.boot.test.context.SpringBootTestContextBootstrapper - @TestExecutionListeners is not present for class [com.mflyyou.cache.SpringCacheApplicationTests]: using defaults.
01:49:31.480 [Test worker] INFO org.springframework.boot.test.context.SpringBootTestContextBootstrapper - Loaded default TestExecutionListener class names from location [META-INF/spring.factories]: [org.springframework.boot.test.autoconfigure.restdocs.RestDocsTestExecutionListener, org.springframework.boot.test.autoconfigure.web.client.MockRestServiceServerResetTestExecutionListener, org.springframework.boot.test.autoconfigure.web.servlet.MockMvcPrintOnlyOnFailureTestExecutionListener, org.springframework.boot.test.autoconfigure.web.servlet.WebDriverTestExecutionListener, org.springframework.boot.test.autoconfigure.webservices.client.MockWebServiceServerTestExecutionListener, org.springframework.boot.test.mock.mockito.MockitoTestExecutionListener, org.springframework.boot.test.mock.mockito.ResetMocksTestExecutionListener, org.springframework.test.context.web.ServletTestExecutionListener, org.springframework.test.context.support.DirtiesContextBeforeModesTestExecutionListener, org.springframework.test.context.event.ApplicationEventsTestExecutionListener, org.springframework.test.context.support.DependencyInjectionTestExecutionListener, org.springframework.test.context.support.DirtiesContextTestExecutionListener, org.springframework.test.context.transaction.TransactionalTestExecutionListener, org.springframework.test.context.jdbc.SqlScriptsTestExecutionListener, org.springframework.test.context.event.EventPublishingTestExecutionListener]
01:49:31.500 [Test worker] INFO org.springframework.boot.test.context.SpringBootTestContextBootstrapper - Using TestExecutionListeners: [org.springframework.test.context.web.ServletTestExecutionListener@213e3629, org.springframework.test.context.support.DirtiesContextBeforeModesTestExecutionListener@4e9658b5, org.springframework.test.context.event.ApplicationEventsTestExecutionListener@2a7b6f69, org.springframework.boot.test.mock.mockito.MockitoTestExecutionListener@20312893, org.springframework.boot.test.autoconfigure.SpringBootDependencyInjectionTestExecutionListener@70eecdc2, org.springframework.test.context.support.DirtiesContextTestExecutionListener@c41709a, org.springframework.test.context.transaction.TransactionalTestExecutionListener@7db0565c, org.springframework.test.context.jdbc.SqlScriptsTestExecutionListener@54ec8cc9, org.springframework.test.context.event.EventPublishingTestExecutionListener@52eacb4b, org.springframework.boot.test.autoconfigure.restdocs.RestDocsTestExecutionListener@5528a42c, org.springframework.boot.test.autoconfigure.web.client.MockRestServiceServerResetTestExecutionListener@2a551a63, org.springframework.boot.test.autoconfigure.web.servlet.MockMvcPrintOnlyOnFailureTestExecutionListener@1a6f5124, org.springframework.boot.test.autoconfigure.web.servlet.WebDriverTestExecutionListener@1edb61b1, org.springframework.boot.test.autoconfigure.webservices.client.MockWebServiceServerTestExecutionListener@ec2bf82, org.springframework.boot.test.mock.mockito.ResetMocksTestExecutionListener@cc62a3b]
01:49:31.503 [Test worker] DEBUG org.springframework.test.context.support.AbstractDirtiesContextTestExecutionListener - Before test class: context [DefaultTestContext@72bca894 testClass = SpringCacheApplicationTests, testInstance = [null], testMethod = [null], testException = [null], mergedContextConfiguration = [WebMergedContextConfiguration@433ffad1 testClass = SpringCacheApplicationTests, locations = '{}', classes = '{class com.mflyyou.cache.SpringCacheApplication}', contextInitializerClasses = '[]', activeProfiles = '{}', propertySourceLocations = '{}', propertySourceProperties = '{org.springframework.boot.test.context.SpringBootTestContextBootstrapper=true}', contextCustomizers = set[org.springframework.boot.test.autoconfigure.actuate.metrics.MetricsExportContextCustomizerFactory$DisableMetricExportContextCustomizer@793138bd, org.springframework.boot.test.autoconfigure.properties.PropertyMappingContextCustomizer@0, org.springframework.boot.test.autoconfigure.web.servlet.WebDriverContextCustomizerFactory$Customizer@5b1f29fa, org.springframework.boot.test.context.filter.ExcludeFilterContextCustomizer@a4ca3f6, org.springframework.boot.test.json.DuplicateJsonObjectContextCustomizerFactory$DuplicateJsonObjectContextCustomizer@45905bff, org.springframework.boot.test.mock.mockito.MockitoContextCustomizer@0, org.springframework.boot.test.web.client.TestRestTemplateContextCustomizer@13cf7d52, org.springframework.boot.test.context.SpringBootTestArgs@1, org.springframework.boot.test.context.SpringBootTestWebEnvironment@7098b907], resourceBasePath = 'src/main/webapp', contextLoader = 'org.springframework.boot.test.context.SpringBootContextLoader', parent = [null]], attributes = map['org.springframework.test.context.web.ServletTestExecutionListener.activateListener' -> true]], class annotated with @DirtiesContext [false] with mode [null].

  .   ____          _            __ _ _
 /\\ / ___'_ __ _ _(_)_ __  __ _ \ \ \ \
( ( )\___ | '_ | '_| | '_ \/ _` | \ \ \ \
 \\/  ___)| |_)| | | | | || (_| |  ) ) ) )
  '  |____| .__|_| |_|_| |_\__, | / / / /
 =========|_|==============|___/=/_/_/_/
 :: Spring Boot ::                (v2.6.6)

2022-04-04 01:49:31.926  INFO 72494 --- [    Test worker] c.m.cache.SpringCacheApplicationTests    : Starting SpringCacheApplicationTests using Java 11.0.14.1 on 192.168.1.6 with PID 72494 (started by panqinzhang in /Users/panqinzhang/github/fly-java-cache/spring-cache)
2022-04-04 01:49:31.928  INFO 72494 --- [    Test worker] c.m.cache.SpringCacheApplicationTests    : No active profile set, falling back to 1 default profile: "default"
2022-04-04 01:49:32.538  INFO 72494 --- [    Test worker] .s.d.r.c.RepositoryConfigurationDelegate : Multiple Spring Data modules found, entering strict repository configuration mode!
2022-04-04 01:49:32.541  INFO 72494 --- [    Test worker] .s.d.r.c.RepositoryConfigurationDelegate : Bootstrapping Spring Data Redis repositories in DEFAULT mode.
2022-04-04 01:49:32.558  INFO 72494 --- [    Test worker] .s.d.r.c.RepositoryConfigurationDelegate : Finished Spring Data repository scanning in 4 ms. Found 0 Redis repository interfaces.
[]
2022-04-04 01:49:34.393  INFO 72494 --- [    Test worker] c.m.cache.SpringCacheApplicationTests    : Started SpringCacheApplicationTests in 2.836 seconds (JVM running for 4.14)
]]></system-out>
  <system-err><![CDATA[]]></system-err>
</testsuite>
